#-----------------------------------------------------------
# Vivado v2024.2 (64-bit)
# SW Build 5239630 on Fri Nov 08 22:35:27 MST 2024
# IP Build 5239520 on Sun Nov 10 16:12:51 MST 2024
# SharedData Build 5239561 on Fri Nov 08 14:39:27 MST 2024
# Start of session at: Mon Mar 16 21:34:03 2026
# Process ID         : 33932
# Current directory  : C:/Users/C28Benjamin.Van_den/ECE_281/LAB03
# Command line       : vivado.exe -gui_launcher_event rodinguilauncherevent15092 C:\Users\C28Benjamin.Van_den\ECE_281\LAB03\thunderbird.xpr
# Log file           : C:/Users/C28Benjamin.Van_den/ECE_281/LAB03/vivado.log
# Journal file       : C:/Users/C28Benjamin.Van_den/ECE_281/LAB03\vivado.jou
# Running On         : C28-2TK416010J
# Platform           : Windows Server 2016 or Windows 10
# Operating System   : 22631
# Processor Detail   : AMD Ryzen 7 PRO 7840U w/ Radeon 780M Graphics  
# CPU Frequency      : 3294 MHz
# CPU Physical cores : 8
# CPU Logical cores  : 16
# Host memory        : 33585 MB
# Swap memory        : 5100 MB
# Total Virtual      : 38685 MB
# Available Virtual  : 16244 MB
#-----------------------------------------------------------
INFO: [Common 17-1239] XILINX_LOCAL_USER_DATA is set to 'no'.
start_gui
open_project C:/Users/C28Benjamin.Van_den/ECE_281/LAB03/thunderbird.xpr
INFO: [filemgmt 56-3] Default IP Output Path : Could not find the directory 'C:/Users/C28Benjamin.Van_den/ECE_281/LAB03/thunderbird.gen/sources_1'.
WARNING: [filemgmt 56-3] IPUserFilesDir: Could not find the directory 'C:/Users/C28Benjamin.Van_den/ECE_281/LAB03/thunderbird.ip_user_files'.
Scanning sources...
Finished scanning sources
INFO: [IP_Flow 19-234] Refreshing IP repositories
INFO: [IP_Flow 19-1704] No user IP repositories specified
INFO: [IP_Flow 19-2313] Loaded Vivado IP repository 'C:/Xilinx/Vivado/2024.2/data/ip'.
open_project: Time (s): cpu = 00:00:03 ; elapsed = 00:00:06 . Memory (MB): peak = 1102.363 ; gain = 45.516
update_compile_order -fileset sources_1
WARNING: [filemgmt 56-199] Attempt to get parsing info during refresh. "On-the-fly" syntax checking information may be incorrect. [C:\Users\C28Benjamin.Van_den\ECE_281\LAB03\src\thunderbird_fsm_tb.vhd:]
WARNING: [filemgmt 56-199] Attempt to get parsing info during refresh. "On-the-fly" syntax checking information may be incorrect. [C:\Users\C28Benjamin.Van_den\ECE_281\LAB03\src\thunderbird_fsm.vhd:]
WARNING: [filemgmt 56-199] Attempt to get parsing info during refresh. "On-the-fly" syntax checking information may be incorrect. [C:\Users\C28Benjamin.Van_den\ECE_281\LAB03\src\thunderbird_fsm_tb.vhd:]
WARNING: [filemgmt 56-199] Attempt to get parsing info during refresh. "On-the-fly" syntax checking information may be incorrect. [C:\Users\C28Benjamin.Van_den\ECE_281\LAB03\src\thunderbird_fsm_tb.vhd:]
ERROR: [Common 17-180] Spawn failed: No error
launch_simulation
Command: launch_simulation 
INFO: [Vivado 12-12493] Simulation top is 'thunderbird_fsm_tb'
WARNING: [Vivado 12-13340] Unable to auto find GCC executables from simulator install path! (path not set)
INFO: [Vivado 12-5682] Launching behavioral simulation in 'C:/Users/C28Benjamin.Van_den/ECE_281/LAB03/thunderbird.sim/sim_1/behav/xsim'
INFO: [SIM-utils-51] Simulation object is 'sim_1'
INFO: [SIM-utils-72] Using boost library from 'C:/Xilinx/Vivado/2024.2/tps/boost_1_72_0'
INFO: [SIM-utils-54] Inspecting design source files for 'thunderbird_fsm_tb' in fileset 'sim_1'...
INFO: [USF-XSim-97] Finding global include files...
INFO: [USF-XSim-98] Fetching design files from 'sim_1'...
INFO: [USF-XSim-2] XSim::Compile design
INFO: [USF-XSim-61] Executing 'COMPILE and ANALYZE' step in 'C:/Users/C28Benjamin.Van_den/ECE_281/LAB03/thunderbird.sim/sim_1/behav/xsim'
"xvhdl --incr --relax -prj thunderbird_fsm_tb_vhdl.prj"
INFO: [VRFC 10-163] Analyzing VHDL file "C:/Users/C28Benjamin.Van_den/ECE_281/LAB03/src/thunderbird_fsm.vhd" into library xil_defaultlib
INFO: [VRFC 10-3107] analyzing entity 'thunderbird_fsm'
INFO: [VRFC 10-163] Analyzing VHDL file "C:/Users/C28Benjamin.Van_den/ECE_281/LAB03/src/thunderbird_fsm_tb.vhd" into library xil_defaultlib
INFO: [VRFC 10-3107] analyzing entity 'thunderbird_fsm_tb'
INFO: [USF-XSim-69] 'compile' step finished in '4' seconds
INFO: [USF-XSim-3] XSim::Elaborate design
INFO: [USF-XSim-61] Executing 'ELABORATE' step in 'C:/Users/C28Benjamin.Van_den/ECE_281/LAB03/thunderbird.sim/sim_1/behav/xsim'
"xelab --incr --debug typical --relax --mt 2 -L xil_defaultlib -L secureip --snapshot thunderbird_fsm_tb_behav xil_defaultlib.thunderbird_fsm_tb -log elaborate.log"
Vivado Simulator v2024.2.0
Copyright 1986-2022 Xilinx, Inc. All Rights Reserved.
Copyright 2022-2024 Advanced Micro Devices, Inc. All Rights Reserved.
Running: C:/Xilinx/Vivado/2024.2/bin/unwrapped/win64.o/xelab.exe --incr --debug typical --relax --mt 2 -L xil_defaultlib -L secureip --snapshot thunderbird_fsm_tb_behav xil_defaultlib.thunderbird_fsm_tb -log elaborate.log 
Using 2 slave threads.
Starting static elaboration
Completed static elaboration
Starting simulation data flow analysis
Completed simulation data flow analysis
Time Resolution for simulation is 1ps
Compiling package std.standard
Compiling package std.textio
Compiling package ieee.std_logic_1164
Compiling package ieee.numeric_std
Compiling architecture thunderbird_fsm_arch of entity xil_defaultlib.thunderbird_fsm [thunderbird_fsm_default]
Compiling architecture test_bench of entity xil_defaultlib.thunderbird_fsm_tb
Built simulation snapshot thunderbird_fsm_tb_behav
run_program: Time (s): cpu = 00:00:00 ; elapsed = 00:00:06 . Memory (MB): peak = 1133.453 ; gain = 0.000
INFO: [USF-XSim-69] 'elaborate' step finished in '6' seconds
INFO: [USF-XSim-4] XSim::Simulate design
INFO: [USF-XSim-61] Executing 'SIMULATE' step in 'C:/Users/C28Benjamin.Van_den/ECE_281/LAB03/thunderbird.sim/sim_1/behav/xsim'
INFO: [USF-XSim-98] *** Running xsim
   with args "thunderbird_fsm_tb_behav -key {Behavioral:sim_1:Functional:thunderbird_fsm_tb} -tclbatch {thunderbird_fsm_tb.tcl} -log {simulate.log}"
INFO: [USF-XSim-8] Loading simulator feature
Time resolution is 1 ps
source thunderbird_fsm_tb.tcl
# set curr_wave [current_wave_config]
# if { [string length $curr_wave] == 0 } {
#   if { [llength [get_objects]] > 0} {
#     add_wave /
#     set_property needs_save false [current_wave_config]
#   } else {
#      send_msg_id Add_Wave-1 WARNING "No top level signals found. Simulator will start without a wave window. If you want to open a wave window go to 'File->New Waveform Configuration' or type 'create_wave_config' in the TCL console."
#   }
# }
# run 1000ns
INFO: [USF-XSim-96] XSim completed. Design snapshot 'thunderbird_fsm_tb_behav' loaded.
INFO: [USF-XSim-97] XSim simulation ran for 1000ns
launch_simulation: Time (s): cpu = 00:00:01 ; elapsed = 00:00:17 . Memory (MB): peak = 1144.785 ; gain = 11.332
close_sim
INFO: [Simtcl 6-16] Simulation closed
launch_simulation
Command: launch_simulation 
INFO: [Vivado 12-12493] Simulation top is 'thunderbird_fsm_tb'
WARNING: [Vivado 12-13340] Unable to auto find GCC executables from simulator install path! (path not set)
INFO: [Vivado 12-5682] Launching behavioral simulation in 'C:/Users/C28Benjamin.Van_den/ECE_281/LAB03/thunderbird.sim/sim_1/behav/xsim'
INFO: [SIM-utils-51] Simulation object is 'sim_1'
INFO: [SIM-utils-72] Using boost library from 'C:/Xilinx/Vivado/2024.2/tps/boost_1_72_0'
INFO: [SIM-utils-54] Inspecting design source files for 'thunderbird_fsm_tb' in fileset 'sim_1'...
INFO: [USF-XSim-97] Finding global include files...
INFO: [USF-XSim-98] Fetching design files from 'sim_1'...
INFO: [USF-XSim-2] XSim::Compile design
INFO: [USF-XSim-61] Executing 'COMPILE and ANALYZE' step in 'C:/Users/C28Benjamin.Van_den/ECE_281/LAB03/thunderbird.sim/sim_1/behav/xsim'
"xvhdl --incr --relax -prj thunderbird_fsm_tb_vhdl.prj"
INFO: [USF-XSim-69] 'compile' step finished in '2' seconds
INFO: [USF-XSim-3] XSim::Elaborate design
INFO: [USF-XSim-61] Executing 'ELABORATE' step in 'C:/Users/C28Benjamin.Van_den/ECE_281/LAB03/thunderbird.sim/sim_1/behav/xsim'
"xelab --incr --debug typical --relax --mt 2 -L xil_defaultlib -L secureip --snapshot thunderbird_fsm_tb_behav xil_defaultlib.thunderbird_fsm_tb -log elaborate.log"
Vivado Simulator v2024.2.0
Copyright 1986-2022 Xilinx, Inc. All Rights Reserved.
Copyright 2022-2024 Advanced Micro Devices, Inc. All Rights Reserved.
Running: C:/Xilinx/Vivado/2024.2/bin/unwrapped/win64.o/xelab.exe --incr --debug typical --relax --mt 2 -L xil_defaultlib -L secureip --snapshot thunderbird_fsm_tb_behav xil_defaultlib.thunderbird_fsm_tb -log elaborate.log 
Using 2 slave threads.
Starting static elaboration
Completed static elaboration
INFO: [XSIM 43-4323] No Change in HDL. Linking previously generated obj files to create kernel
INFO: [USF-XSim-69] 'elaborate' step finished in '3' seconds
INFO: [USF-XSim-4] XSim::Simulate design
INFO: [USF-XSim-61] Executing 'SIMULATE' step in 'C:/Users/C28Benjamin.Van_den/ECE_281/LAB03/thunderbird.sim/sim_1/behav/xsim'
INFO: [USF-XSim-98] *** Running xsim
   with args "thunderbird_fsm_tb_behav -key {Behavioral:sim_1:Functional:thunderbird_fsm_tb} -tclbatch {thunderbird_fsm_tb.tcl} -log {simulate.log}"
INFO: [USF-XSim-8] Loading simulator feature
Time resolution is 1 ps
source thunderbird_fsm_tb.tcl
# set curr_wave [current_wave_config]
# if { [string length $curr_wave] == 0 } {
#   if { [llength [get_objects]] > 0} {
#     add_wave /
#     set_property needs_save false [current_wave_config]
#   } else {
#      send_msg_id Add_Wave-1 WARNING "No top level signals found. Simulator will start without a wave window. If you want to open a wave window go to 'File->New Waveform Configuration' or type 'create_wave_config' in the TCL console."
#   }
# }
# run 1000ns
INFO: [USF-XSim-96] XSim completed. Design snapshot 'thunderbird_fsm_tb_behav' loaded.
INFO: [USF-XSim-97] XSim simulation ran for 1000ns
launch_simulation: Time (s): cpu = 00:00:01 ; elapsed = 00:00:07 . Memory (MB): peak = 1146.609 ; gain = 1.824
close_sim
INFO: [Simtcl 6-16] Simulation closed
WARNING: [filemgmt 56-199] Attempt to get parsing info during refresh. "On-the-fly" syntax checking information may be incorrect. [C:\Users\C28Benjamin.Van_den\ECE_281\LAB03\src\top_basys3.vhd:]
WARNING: [filemgmt 56-199] Attempt to get parsing info during refresh. "On-the-fly" syntax checking information may be incorrect. [C:\Users\C28Benjamin.Van_den\ECE_281\LAB03\src\thunderbird_fsm_tb.vhd:]
WARNING: [filemgmt 56-199] Attempt to get parsing info during refresh. "On-the-fly" syntax checking information may be incorrect. [C:\Users\C28Benjamin.Van_den\ECE_281\LAB03\src\thunderbird_fsm.vhd:]
WARNING: [filemgmt 56-199] Attempt to get parsing info during refresh. "On-the-fly" syntax checking information may be incorrect. [C:\Users\C28Benjamin.Van_den\ECE_281\LAB03\src\top_basys3.vhd:]
WARNING: [filemgmt 56-199] Attempt to get parsing info during refresh. "On-the-fly" syntax checking information may be incorrect. [C:\Users\C28Benjamin.Van_den\ECE_281\LAB03\src\top_basys3.vhd:]
WARNING: [filemgmt 56-199] Attempt to get parsing info during refresh. "On-the-fly" syntax checking information may be incorrect. [C:\Users\C28Benjamin.Van_den\ECE_281\LAB03\src\top_basys3.vhd:]
WARNING: [filemgmt 56-199] Attempt to get parsing info during refresh. "On-the-fly" syntax checking information may be incorrect. [C:\Users\C28Benjamin.Van_den\ECE_281\LAB03\src\thunderbird_fsm_tb.vhd:]
WARNING: [filemgmt 56-199] Attempt to get parsing info during refresh. "On-the-fly" syntax checking information may be incorrect. [C:\Users\C28Benjamin.Van_den\ECE_281\LAB03\src\thunderbird_fsm.vhd:]
WARNING: [filemgmt 56-199] Attempt to get parsing info during refresh. "On-the-fly" syntax checking information may be incorrect. [C:\Users\C28Benjamin.Van_den\ECE_281\LAB03\src\thunderbird_fsm_tb.vhd:]
WARNING: [filemgmt 56-199] Attempt to get parsing info during refresh. "On-the-fly" syntax checking information may be incorrect. [C:\Users\C28Benjamin.Van_den\ECE_281\LAB03\src\thunderbird_fsm_tb.vhd:]
update_compile_order -fileset sources_1
WARNING: [filemgmt 56-199] Attempt to get parsing info during refresh. "On-the-fly" syntax checking information may be incorrect. [C:\Users\C28Benjamin.Van_den\ECE_281\LAB03\src\top_basys3.vhd:]
WARNING: [filemgmt 56-199] Attempt to get parsing info during refresh. "On-the-fly" syntax checking information may be incorrect. [C:\Users\C28Benjamin.Van_den\ECE_281\LAB03\src\thunderbird_fsm_tb.vhd:]
WARNING: [filemgmt 56-199] Attempt to get parsing info during refresh. "On-the-fly" syntax checking information may be incorrect. [C:\Users\C28Benjamin.Van_den\ECE_281\LAB03\src\thunderbird_fsm.vhd:]
WARNING: [filemgmt 56-199] Attempt to get parsing info during refresh. "On-the-fly" syntax checking information may be incorrect. [C:\Users\C28Benjamin.Van_den\ECE_281\LAB03\src\thunderbird_fsm_tb.vhd:]
WARNING: [filemgmt 56-199] Attempt to get parsing info during refresh. "On-the-fly" syntax checking information may be incorrect. [C:\Users\C28Benjamin.Van_den\ECE_281\LAB03\src\thunderbird_fsm_tb.vhd:]
WARNING: [filemgmt 56-199] Attempt to get parsing info during refresh. "On-the-fly" syntax checking information may be incorrect. [C:\Users\C28Benjamin.Van_den\ECE_281\LAB03\src\top_basys3.vhd:]
WARNING: [filemgmt 56-199] Attempt to get parsing info during refresh. "On-the-fly" syntax checking information may be incorrect. [C:\Users\C28Benjamin.Van_den\ECE_281\LAB03\src\thunderbird_fsm_tb.vhd:]
WARNING: [filemgmt 56-199] Attempt to get parsing info during refresh. "On-the-fly" syntax checking information may be incorrect. [C:\Users\C28Benjamin.Van_den\ECE_281\LAB03\src\thunderbird_fsm.vhd:]
WARNING: [filemgmt 56-199] Attempt to get parsing info during refresh. "On-the-fly" syntax checking information may be incorrect. [C:\Users\C28Benjamin.Van_den\ECE_281\LAB03\src\top_basys3.vhd:]
WARNING: [filemgmt 56-199] Attempt to get parsing info during refresh. "On-the-fly" syntax checking information may be incorrect. [C:\Users\C28Benjamin.Van_den\ECE_281\LAB03\src\top_basys3.vhd:]
launch_runs impl_1 -to_step write_bitstream -jobs 8
[Mon Mar 16 22:26:38 2026] Launched synth_1...
Run output will be captured here: C:/Users/C28Benjamin.Van_den/ECE_281/LAB03/thunderbird.runs/synth_1/runme.log
[Mon Mar 16 22:26:38 2026] Launched impl_1...
Run output will be captured here: C:/Users/C28Benjamin.Van_den/ECE_281/LAB03/thunderbird.runs/impl_1/runme.log
WARNING: [filemgmt 56-199] Attempt to get parsing info during refresh. "On-the-fly" syntax checking information may be incorrect. [C:\Users\C28Benjamin.Van_den\ECE_281\LAB03\src\top_basys3.vhd:]
WARNING: [filemgmt 56-199] Attempt to get parsing info during refresh. "On-the-fly" syntax checking information may be incorrect. [C:\Users\C28Benjamin.Van_den\ECE_281\LAB03\src\thunderbird_fsm_tb.vhd:]
WARNING: [filemgmt 56-199] Attempt to get parsing info during refresh. "On-the-fly" syntax checking information may be incorrect. [C:\Users\C28Benjamin.Van_den\ECE_281\LAB03\src\thunderbird_fsm.vhd:]
WARNING: [filemgmt 56-199] Attempt to get parsing info during refresh. "On-the-fly" syntax checking information may be incorrect. [C:\Users\C28Benjamin.Van_den\ECE_281\LAB03\src\top_basys3.vhd:]
WARNING: [filemgmt 56-199] Attempt to get parsing info during refresh. "On-the-fly" syntax checking information may be incorrect. [C:\Users\C28Benjamin.Van_den\ECE_281\LAB03\src\top_basys3.vhd:]
WARNING: [filemgmt 56-199] Attempt to get parsing info during refresh. "On-the-fly" syntax checking information may be incorrect. [C:\Users\C28Benjamin.Van_den\ECE_281\LAB03\src\top_basys3.vhd:]
WARNING: [filemgmt 56-199] Attempt to get parsing info during refresh. "On-the-fly" syntax checking information may be incorrect. [C:\Users\C28Benjamin.Van_den\ECE_281\LAB03\src\thunderbird_fsm_tb.vhd:]
WARNING: [filemgmt 56-199] Attempt to get parsing info during refresh. "On-the-fly" syntax checking information may be incorrect. [C:\Users\C28Benjamin.Van_den\ECE_281\LAB03\src\thunderbird_fsm.vhd:]
WARNING: [filemgmt 56-199] Attempt to get parsing info during refresh. "On-the-fly" syntax checking information may be incorrect. [C:\Users\C28Benjamin.Van_den\ECE_281\LAB03\src\thunderbird_fsm_tb.vhd:]
WARNING: [filemgmt 56-199] Attempt to get parsing info during refresh. "On-the-fly" syntax checking information may be incorrect. [C:\Users\C28Benjamin.Van_den\ECE_281\LAB03\src\thunderbird_fsm_tb.vhd:]
reset_run synth_1
INFO: [Project 1-1160] Copying file C:/Users/C28Benjamin.Van_den/ECE_281/LAB03/thunderbird.runs/synth_1/top_basys3.dcp to C:/Users/C28Benjamin.Van_den/ECE_281/LAB03/thunderbird.srcs/utils_1/imports/synth_1 and adding it to utils fileset
ERROR: [Common 17-180] Spawn failed: No error
WARNING: [filemgmt 56-199] Attempt to get parsing info during refresh. "On-the-fly" syntax checking information may be incorrect. [C:\Users\C28Benjamin.Van_den\ECE_281\LAB03\src\top_basys3.vhd:]
WARNING: [filemgmt 56-199] Attempt to get parsing info during refresh. "On-the-fly" syntax checking information may be incorrect. [C:\Users\C28Benjamin.Van_den\ECE_281\LAB03\src\thunderbird_fsm_tb.vhd:]
WARNING: [filemgmt 56-199] Attempt to get parsing info during refresh. "On-the-fly" syntax checking information may be incorrect. [C:\Users\C28Benjamin.Van_den\ECE_281\LAB03\src\thunderbird_fsm.vhd:]
WARNING: [filemgmt 56-199] Attempt to get parsing info during refresh. "On-the-fly" syntax checking information may be incorrect. [C:\Users\C28Benjamin.Van_den\ECE_281\LAB03\src\thunderbird_fsm_tb.vhd:]
WARNING: [filemgmt 56-199] Attempt to get parsing info during refresh. "On-the-fly" syntax checking information may be incorrect. [C:\Users\C28Benjamin.Van_den\ECE_281\LAB03\src\thunderbird_fsm_tb.vhd:]
WARNING: [filemgmt 56-199] Attempt to get parsing info during refresh. "On-the-fly" syntax checking information may be incorrect. [C:\Users\C28Benjamin.Van_den\ECE_281\LAB03\src\top_basys3.vhd:]
WARNING: [filemgmt 56-199] Attempt to get parsing info during refresh. "On-the-fly" syntax checking information may be incorrect. [C:\Users\C28Benjamin.Van_den\ECE_281\LAB03\src\thunderbird_fsm_tb.vhd:]
WARNING: [filemgmt 56-199] Attempt to get parsing info during refresh. "On-the-fly" syntax checking information may be incorrect. [C:\Users\C28Benjamin.Van_den\ECE_281\LAB03\src\thunderbird_fsm.vhd:]
WARNING: [filemgmt 56-199] Attempt to get parsing info during refresh. "On-the-fly" syntax checking information may be incorrect. [C:\Users\C28Benjamin.Van_den\ECE_281\LAB03\src\top_basys3.vhd:]
WARNING: [filemgmt 56-199] Attempt to get parsing info during refresh. "On-the-fly" syntax checking information may be incorrect. [C:\Users\C28Benjamin.Van_den\ECE_281\LAB03\src\top_basys3.vhd:]
launch_runs impl_1 -to_step write_bitstream -jobs 8
[Mon Mar 16 22:31:33 2026] Launched synth_1...
Run output will be captured here: C:/Users/C28Benjamin.Van_den/ECE_281/LAB03/thunderbird.runs/synth_1/runme.log
[Mon Mar 16 22:31:33 2026] Launched impl_1...
Run output will be captured here: C:/Users/C28Benjamin.Van_den/ECE_281/LAB03/thunderbird.runs/impl_1/runme.log
open_hw_manager
connect_hw_server -allow_non_jtag
INFO: [Labtools 27-2285] Connecting to hw_server url TCP:localhost:3121
INFO: [Labtools 27-2222] Launching hw_server...
INFO: [Labtools 27-2221] Launch Output:

****** Xilinx hw_server v2024.2
  **** Build date : Oct 29 2024 at 10:25:41
    ** Copyright 1986-2022 Xilinx, Inc. All Rights Reserved.


INFO: [Labtools 27-3415] Connecting to cs_server url TCP:localhost:0
INFO: [Labtools 27-3417] Launching cs_server...
INFO: [Labtools 27-2221] Launch Output:


******** Xilinx cs_server v2024.2.0
  ****** Build date   : Oct 30 2024-12:19:07
    **** Build number : 2024.2.1730312347
      ** Copyright 2017-2022 Xilinx, Inc. All Rights Reserved.
      ** Copyright 2022-2026 Advanced Micro Devices, Inc. All Rights Reserved.



connect_hw_server: Time (s): cpu = 00:00:00 ; elapsed = 00:00:17 . Memory (MB): peak = 1332.574 ; gain = 0.000
open_hw_target
INFO: [Labtoolstcl 44-466] Opening hw_target localhost:3121/xilinx_tcf/Digilent/210183A37E70A
set_property PROGRAM.FILE {C:/Users/C28Benjamin.Van_den/ECE_281/LAB03/thunderbird.runs/impl_1/top_basys3.bit} [get_hw_devices xc7a35t_0]
current_hw_device [get_hw_devices xc7a35t_0]
refresh_hw_device -update_hw_probes false [lindex [get_hw_devices xc7a35t_0] 0]
INFO: [Labtools 27-1434] Device xc7a35t (JTAG device index = 0) is programmed with a design that has no supported debug core(s) in it.
set_property PROBES.FILE {} [get_hw_devices xc7a35t_0]
set_property FULL_PROBES.FILE {} [get_hw_devices xc7a35t_0]
set_property PROGRAM.FILE {C:/Users/C28Benjamin.Van_den/ECE_281/LAB03/thunderbird.runs/impl_1/top_basys3.bit} [get_hw_devices xc7a35t_0]
program_hw_devices [get_hw_devices xc7a35t_0]
INFO: [Labtools 27-3164] End of startup status: HIGH
refresh_hw_device [lindex [get_hw_devices xc7a35t_0] 0]
INFO: [Labtools 27-1434] Device xc7a35t (JTAG device index = 0) is programmed with a design that has no supported debug core(s) in it.
ERROR: [Labtoolstcl 44-513] HW Target shutdown. Closing target: localhost:3121/xilinx_tcf/Digilent/210183A37E70A
INFO: [Labtoolstcl 44-466] Opening hw_target localhost:3121/xilinx_tcf/Digilent/210183A37E70A
INFO: [Labtools 27-1434] Device xc7a35t (JTAG device index = 0) is programmed with a design that has no supported debug core(s) in it.
WARNING: [Labtoolstcl 44-129] No matching hw_ila_data was found.
ERROR: [Labtoolstcl 44-513] HW Target shutdown. Closing target: localhost:3121/xilinx_tcf/Digilent/210183A37E70A
INFO: [Labtoolstcl 44-466] Opening hw_target localhost:3121/xilinx_tcf/Digilent/210183A37E70A
INFO: [Labtools 27-1434] Device xc7a35t (JTAG device index = 0) is programmed with a design that has no supported debug core(s) in it.
WARNING: [Labtoolstcl 44-129] No matching hw_ila_data was found.
set_property PROBES.FILE {} [get_hw_devices xc7a35t_0]
set_property FULL_PROBES.FILE {} [get_hw_devices xc7a35t_0]
set_property PROGRAM.FILE {C:/Users/C28Benjamin.Van_den/ECE_281/LAB03/thunderbird.runs/impl_1/top_basys3.bit} [get_hw_devices xc7a35t_0]
program_hw_devices [get_hw_devices xc7a35t_0]
INFO: [Labtools 27-3164] End of startup status: HIGH
refresh_hw_device [lindex [get_hw_devices xc7a35t_0] 0]
INFO: [Labtools 27-1434] Device xc7a35t (JTAG device index = 0) is programmed with a design that has no supported debug core(s) in it.
close_hw_manager
open_run synth_1 -name synth_1
Design is defaulting to impl run constrset: constrs_1
Design is defaulting to synth run part: xc7a35tcpg236-1
INFO: [Device 21-403] Loading part xc7a35tcpg236-1
Netlist sorting complete. Time (s): cpu = 00:00:00 ; elapsed = 00:00:00.001 . Memory (MB): peak = 1438.559 ; gain = 0.000
INFO: [Netlist 29-17] Analyzing 8 Unisim elements for replacement
INFO: [Netlist 29-28] Unisim Transformation completed in 0 CPU seconds
INFO: [Project 1-479] Netlist was created with Vivado 2024.2
INFO: [Project 1-570] Preparing netlist for logic optimization
Parsing XDC File [C:/Users/C28Benjamin.Van_den/ECE_281/LAB03/src/Basys3_Master.xdc]
Finished Parsing XDC File [C:/Users/C28Benjamin.Van_den/ECE_281/LAB03/src/Basys3_Master.xdc]
INFO: [Opt 31-138] Pushed 0 inverter(s) to 0 load pin(s).
Netlist sorting complete. Time (s): cpu = 00:00:00 ; elapsed = 00:00:00 . Memory (MB): peak = 1556.137 ; gain = 0.000
INFO: [Project 1-111] Unisim Transformation Summary:
No Unisim elements were transformed.

open_run: Time (s): cpu = 00:00:06 ; elapsed = 00:00:23 . Memory (MB): peak = 1895.055 ; gain = 562.480
reset_run synth_1
INFO: [Project 1-1161] Replacing file C:/Users/C28Benjamin.Van_den/ECE_281/LAB03/thunderbird.srcs/utils_1/imports/synth_1/top_basys3.dcp with file C:/Users/C28Benjamin.Van_den/ECE_281/LAB03/thunderbird.runs/synth_1/top_basys3.dcp
WARNING: [filemgmt 56-199] Attempt to get parsing info during refresh. "On-the-fly" syntax checking information may be incorrect. [C:\Users\C28Benjamin.Van_den\ECE_281\LAB03\src\top_basys3.vhd:]
WARNING: [filemgmt 56-199] Attempt to get parsing info during refresh. "On-the-fly" syntax checking information may be incorrect. [C:\Users\C28Benjamin.Van_den\ECE_281\LAB03\src\thunderbird_fsm_tb.vhd:]
WARNING: [filemgmt 56-199] Attempt to get parsing info during refresh. "On-the-fly" syntax checking information may be incorrect. [C:\Users\C28Benjamin.Van_den\ECE_281\LAB03\src\thunderbird_fsm.vhd:]
WARNING: [filemgmt 56-199] Attempt to get parsing info during refresh. "On-the-fly" syntax checking information may be incorrect. [C:\Users\C28Benjamin.Van_den\ECE_281\LAB03\src\thunderbird_fsm.vhd:]
WARNING: [filemgmt 56-199] Attempt to get parsing info during refresh. "On-the-fly" syntax checking information may be incorrect. [C:\Users\C28Benjamin.Van_den\ECE_281\LAB03\src\thunderbird_fsm.vhd:]
WARNING: [filemgmt 56-199] Attempt to get parsing info during refresh. "On-the-fly" syntax checking information may be incorrect. [C:\Users\C28Benjamin.Van_den\ECE_281\LAB03\src\top_basys3.vhd:]
WARNING: [filemgmt 56-199] Attempt to get parsing info during refresh. "On-the-fly" syntax checking information may be incorrect. [C:\Users\C28Benjamin.Van_den\ECE_281\LAB03\src\thunderbird_fsm_tb.vhd:]
WARNING: [filemgmt 56-199] Attempt to get parsing info during refresh. "On-the-fly" syntax checking information may be incorrect. [C:\Users\C28Benjamin.Van_den\ECE_281\LAB03\src\thunderbird_fsm.vhd:]
WARNING: [filemgmt 56-199] Attempt to get parsing info during refresh. "On-the-fly" syntax checking information may be incorrect. [C:\Users\C28Benjamin.Van_den\ECE_281\LAB03\src\top_basys3.vhd:]
WARNING: [filemgmt 56-199] Attempt to get parsing info during refresh. "On-the-fly" syntax checking information may be incorrect. [C:\Users\C28Benjamin.Van_den\ECE_281\LAB03\src\top_basys3.vhd:]
launch_runs synth_1 -jobs 8
[Mon Mar 16 22:48:11 2026] Launched synth_1...
Run output will be captured here: C:/Users/C28Benjamin.Van_den/ECE_281/LAB03/thunderbird.runs/synth_1/runme.log
ERROR: [Common 17-180] Spawn failed: No error
reset_run synth_1
WARNING: [Vivado 12-1017] Problems encountered:
1. Failed to delete one or more files in run directory C:/Users/C28Benjamin.Van_den/ECE_281/LAB03/thunderbird.runs/synth_1

close_design
launch_runs synth_1 -jobs 8
[Mon Mar 16 22:48:42 2026] Launched synth_1...
Run output will be captured here: C:/Users/C28Benjamin.Van_den/ECE_281/LAB03/thunderbird.runs/synth_1/runme.log
reset_run synth_1
WARNING: [Vivado 12-1017] Problems encountered:
1. PID not specified

launch_runs impl_1 -jobs 8
[Mon Mar 16 22:48:54 2026] Launched synth_1...
Run output will be captured here: C:/Users/C28Benjamin.Van_den/ECE_281/LAB03/thunderbird.runs/synth_1/runme.log
[Mon Mar 16 22:48:54 2026] Launched impl_1...
Run output will be captured here: C:/Users/C28Benjamin.Van_den/ECE_281/LAB03/thunderbird.runs/impl_1/runme.log
reset_run impl_1
reset_run synth_1
launch_runs synth_1 -jobs 8
[Mon Mar 16 22:49:13 2026] Launched synth_1...
Run output will be captured here: C:/Users/C28Benjamin.Van_den/ECE_281/LAB03/thunderbird.runs/synth_1/runme.log
launch_runs impl_1 -jobs 8
[Mon Mar 16 22:49:18 2026] Launched synth_1...
Run output will be captured here: C:/Users/C28Benjamin.Van_den/ECE_281/LAB03/thunderbird.runs/synth_1/runme.log
[Mon Mar 16 22:49:18 2026] Launched impl_1...
Run output will be captured here: C:/Users/C28Benjamin.Van_den/ECE_281/LAB03/thunderbird.runs/impl_1/runme.log
launch_runs impl_1 -to_step write_bitstream -jobs 8
[Mon Mar 16 22:51:18 2026] Launched impl_1...
Run output will be captured here: C:/Users/C28Benjamin.Van_den/ECE_281/LAB03/thunderbird.runs/impl_1/runme.log
open_hw_manager
connect_hw_server -allow_non_jtag
INFO: [Labtools 27-2285] Connecting to hw_server url TCP:localhost:3121
INFO: [Labtools 27-2222] Launching hw_server...
INFO: [Labtools 27-2221] Launch Output:

****** Xilinx hw_server v2024.2
  **** Build date : Oct 29 2024 at 10:25:41
    ** Copyright 1986-2022 Xilinx, Inc. All Rights Reserved.


INFO: [Labtools 27-3415] Connecting to cs_server url TCP:localhost:0
INFO: [Labtools 27-3417] Launching cs_server...
INFO: [Labtools 27-2221] Launch Output:


******** Xilinx cs_server v2024.2.0
  ****** Build date   : Oct 30 2024-12:19:07
    **** Build number : 2024.2.1730312347
      ** Copyright 2017-2022 Xilinx, Inc. All Rights Reserved.
      ** Copyright 2022-2026 Advanced Micro Devices, Inc. All Rights Reserved.



connect_hw_server: Time (s): cpu = 00:00:00 ; elapsed = 00:00:15 . Memory (MB): peak = 2354.020 ; gain = 0.000
open_hw_target
INFO: [Labtoolstcl 44-466] Opening hw_target localhost:3121/xilinx_tcf/Digilent/210183A37E70A
set_property PROGRAM.FILE {C:/Users/C28Benjamin.Van_den/ECE_281/LAB03/thunderbird.runs/impl_1/top_basys3.bit} [get_hw_devices xc7a35t_0]
current_hw_device [get_hw_devices xc7a35t_0]
refresh_hw_device -update_hw_probes false [lindex [get_hw_devices xc7a35t_0] 0]
INFO: [Labtools 27-1434] Device xc7a35t (JTAG device index = 0) is programmed with a design that has no supported debug core(s) in it.
set_property PROBES.FILE {} [get_hw_devices xc7a35t_0]
set_property FULL_PROBES.FILE {} [get_hw_devices xc7a35t_0]
set_property PROGRAM.FILE {C:/Users/C28Benjamin.Van_den/ECE_281/LAB03/thunderbird.runs/impl_1/top_basys3.bit} [get_hw_devices xc7a35t_0]
program_hw_devices [get_hw_devices xc7a35t_0]
INFO: [Labtools 27-3164] End of startup status: HIGH
refresh_hw_device [lindex [get_hw_devices xc7a35t_0] 0]
INFO: [Labtools 27-1434] Device xc7a35t (JTAG device index = 0) is programmed with a design that has no supported debug core(s) in it.
WARNING: [filemgmt 56-199] Attempt to get parsing info during refresh. "On-the-fly" syntax checking information may be incorrect. [C:\Users\C28Benjamin.Van_den\ECE_281\LAB03\src\top_basys3.vhd:]
WARNING: [filemgmt 56-199] Attempt to get parsing info during refresh. "On-the-fly" syntax checking information may be incorrect. [C:\Users\C28Benjamin.Van_den\ECE_281\LAB03\src\thunderbird_fsm_tb.vhd:]
WARNING: [filemgmt 56-199] Attempt to get parsing info during refresh. "On-the-fly" syntax checking information may be incorrect. [C:\Users\C28Benjamin.Van_den\ECE_281\LAB03\src\thunderbird_fsm.vhd:]
WARNING: [filemgmt 56-199] Attempt to get parsing info during refresh. "On-the-fly" syntax checking information may be incorrect. [C:\Users\C28Benjamin.Van_den\ECE_281\LAB03\src\thunderbird_fsm_tb.vhd:]
WARNING: [filemgmt 56-199] Attempt to get parsing info during refresh. "On-the-fly" syntax checking information may be incorrect. [C:\Users\C28Benjamin.Van_den\ECE_281\LAB03\src\thunderbird_fsm_tb.vhd:]
WARNING: [filemgmt 56-199] Attempt to get parsing info during refresh. "On-the-fly" syntax checking information may be incorrect. [C:\Users\C28Benjamin.Van_den\ECE_281\LAB03\src\top_basys3.vhd:]
WARNING: [filemgmt 56-199] Attempt to get parsing info during refresh. "On-the-fly" syntax checking information may be incorrect. [C:\Users\C28Benjamin.Van_den\ECE_281\LAB03\src\thunderbird_fsm_tb.vhd:]
WARNING: [filemgmt 56-199] Attempt to get parsing info during refresh. "On-the-fly" syntax checking information may be incorrect. [C:\Users\C28Benjamin.Van_den\ECE_281\LAB03\src\thunderbird_fsm.vhd:]
WARNING: [filemgmt 56-199] Attempt to get parsing info during refresh. "On-the-fly" syntax checking information may be incorrect. [C:\Users\C28Benjamin.Van_den\ECE_281\LAB03\src\top_basys3.vhd:]
WARNING: [filemgmt 56-199] Attempt to get parsing info during refresh. "On-the-fly" syntax checking information may be incorrect. [C:\Users\C28Benjamin.Van_den\ECE_281\LAB03\src\top_basys3.vhd:]
reset_run synth_1
INFO: [Project 1-1161] Replacing file C:/Users/C28Benjamin.Van_den/ECE_281/LAB03/thunderbird.srcs/utils_1/imports/synth_1/top_basys3.dcp with file C:/Users/C28Benjamin.Van_den/ECE_281/LAB03/thunderbird.runs/synth_1/top_basys3.dcp
WARNING: [filemgmt 56-199] Attempt to get parsing info during refresh. "On-the-fly" syntax checking information may be incorrect. [C:\Users\C28Benjamin.Van_den\ECE_281\LAB03\src\top_basys3.vhd:]
WARNING: [filemgmt 56-199] Attempt to get parsing info during refresh. "On-the-fly" syntax checking information may be incorrect. [C:\Users\C28Benjamin.Van_den\ECE_281\LAB03\src\thunderbird_fsm_tb.vhd:]
WARNING: [filemgmt 56-199] Attempt to get parsing info during refresh. "On-the-fly" syntax checking information may be incorrect. [C:\Users\C28Benjamin.Van_den\ECE_281\LAB03\src\thunderbird_fsm.vhd:]
WARNING: [filemgmt 56-199] Attempt to get parsing info during refresh. "On-the-fly" syntax checking information may be incorrect. [C:\Users\C28Benjamin.Van_den\ECE_281\LAB03\src\thunderbird_fsm_tb.vhd:]
WARNING: [filemgmt 56-199] Attempt to get parsing info during refresh. "On-the-fly" syntax checking information may be incorrect. [C:\Users\C28Benjamin.Van_den\ECE_281\LAB03\src\thunderbird_fsm_tb.vhd:]
WARNING: [filemgmt 56-199] Attempt to get parsing info during refresh. "On-the-fly" syntax checking information may be incorrect. [C:\Users\C28Benjamin.Van_den\ECE_281\LAB03\src\top_basys3.vhd:]
WARNING: [filemgmt 56-199] Attempt to get parsing info during refresh. "On-the-fly" syntax checking information may be incorrect. [C:\Users\C28Benjamin.Van_den\ECE_281\LAB03\src\thunderbird_fsm_tb.vhd:]
WARNING: [filemgmt 56-199] Attempt to get parsing info during refresh. "On-the-fly" syntax checking information may be incorrect. [C:\Users\C28Benjamin.Van_den\ECE_281\LAB03\src\thunderbird_fsm.vhd:]
WARNING: [filemgmt 56-199] Attempt to get parsing info during refresh. "On-the-fly" syntax checking information may be incorrect. [C:\Users\C28Benjamin.Van_den\ECE_281\LAB03\src\top_basys3.vhd:]
WARNING: [filemgmt 56-199] Attempt to get parsing info during refresh. "On-the-fly" syntax checking information may be incorrect. [C:\Users\C28Benjamin.Van_den\ECE_281\LAB03\src\top_basys3.vhd:]
ERROR: [Common 17-180] Spawn failed: No error
launch_runs synth_1 -jobs 8
CRITICAL WARNING: [HDL 9-1206] Syntax error near 'led' [C:/Users/C28Benjamin.Van_den/ECE_281/LAB03/src/top_basys3.vhd:162]
[Mon Mar 16 23:02:36 2026] Launched synth_1...
Run output will be captured here: C:/Users/C28Benjamin.Van_den/ECE_281/LAB03/thunderbird.runs/synth_1/runme.log
launch_runs impl_1 -jobs 8
[Mon Mar 16 23:02:41 2026] Launched synth_1...
Run output will be captured here: C:/Users/C28Benjamin.Van_den/ECE_281/LAB03/thunderbird.runs/synth_1/runme.log
[Mon Mar 16 23:02:41 2026] Launched impl_1...
Run output will be captured here: C:/Users/C28Benjamin.Van_den/ECE_281/LAB03/thunderbird.runs/impl_1/runme.log
reset_run synth_1
WARNING: [filemgmt 56-199] Attempt to get parsing info during refresh. "On-the-fly" syntax checking information may be incorrect. [C:\Users\C28Benjamin.Van_den\ECE_281\LAB03\src\top_basys3.vhd:]
WARNING: [filemgmt 56-199] Attempt to get parsing info during refresh. "On-the-fly" syntax checking information may be incorrect. [C:\Users\C28Benjamin.Van_den\ECE_281\LAB03\src\thunderbird_fsm_tb.vhd:]
WARNING: [filemgmt 56-199] Attempt to get parsing info during refresh. "On-the-fly" syntax checking information may be incorrect. [C:\Users\C28Benjamin.Van_den\ECE_281\LAB03\src\thunderbird_fsm.vhd:]
WARNING: [filemgmt 56-199] Attempt to get parsing info during refresh. "On-the-fly" syntax checking information may be incorrect. [C:\Users\C28Benjamin.Van_den\ECE_281\LAB03\src\thunderbird_fsm_tb.vhd:]
WARNING: [filemgmt 56-199] Attempt to get parsing info during refresh. "On-the-fly" syntax checking information may be incorrect. [C:\Users\C28Benjamin.Van_den\ECE_281\LAB03\src\thunderbird_fsm_tb.vhd:]
WARNING: [filemgmt 56-199] Attempt to get parsing info during refresh. "On-the-fly" syntax checking information may be incorrect. [C:\Users\C28Benjamin.Van_den\ECE_281\LAB03\src\top_basys3.vhd:]
WARNING: [filemgmt 56-199] Attempt to get parsing info during refresh. "On-the-fly" syntax checking information may be incorrect. [C:\Users\C28Benjamin.Van_den\ECE_281\LAB03\src\thunderbird_fsm_tb.vhd:]
WARNING: [filemgmt 56-199] Attempt to get parsing info during refresh. "On-the-fly" syntax checking information may be incorrect. [C:\Users\C28Benjamin.Van_den\ECE_281\LAB03\src\thunderbird_fsm.vhd:]
WARNING: [filemgmt 56-199] Attempt to get parsing info during refresh. "On-the-fly" syntax checking information may be incorrect. [C:\Users\C28Benjamin.Van_den\ECE_281\LAB03\src\top_basys3.vhd:]
WARNING: [filemgmt 56-199] Attempt to get parsing info during refresh. "On-the-fly" syntax checking information may be incorrect. [C:\Users\C28Benjamin.Van_den\ECE_281\LAB03\src\top_basys3.vhd:]
launch_runs synth_1 -jobs 8
[Mon Mar 16 23:04:45 2026] Launched synth_1...
Run output will be captured here: C:/Users/C28Benjamin.Van_den/ECE_281/LAB03/thunderbird.runs/synth_1/runme.log
launch_runs impl_1 -jobs 8
[Mon Mar 16 23:05:42 2026] Launched impl_1...
Run output will be captured here: C:/Users/C28Benjamin.Van_den/ECE_281/LAB03/thunderbird.runs/impl_1/runme.log
launch_runs impl_1 -to_step write_bitstream -jobs 8
[Mon Mar 16 23:07:39 2026] Launched impl_1...
Run output will be captured here: C:/Users/C28Benjamin.Van_den/ECE_281/LAB03/thunderbird.runs/impl_1/runme.log
set_property PROBES.FILE {} [get_hw_devices xc7a35t_0]
set_property FULL_PROBES.FILE {} [get_hw_devices xc7a35t_0]
set_property PROGRAM.FILE {C:/Users/C28Benjamin.Van_den/ECE_281/LAB03/thunderbird.runs/impl_1/top_basys3.bit} [get_hw_devices xc7a35t_0]
program_hw_devices [get_hw_devices xc7a35t_0]
INFO: [Labtools 27-3164] End of startup status: HIGH
refresh_hw_device [lindex [get_hw_devices xc7a35t_0] 0]
INFO: [Labtools 27-1434] Device xc7a35t (JTAG device index = 0) is programmed with a design that has no supported debug core(s) in it.
WARNING: [filemgmt 56-199] Attempt to get parsing info during refresh. "On-the-fly" syntax checking information may be incorrect. [C:\Users\C28Benjamin.Van_den\ECE_281\LAB03\src\top_basys3.vhd:]
WARNING: [filemgmt 56-199] Attempt to get parsing info during refresh. "On-the-fly" syntax checking information may be incorrect. [C:\Users\C28Benjamin.Van_den\ECE_281\LAB03\src\thunderbird_fsm_tb.vhd:]
WARNING: [filemgmt 56-199] Attempt to get parsing info during refresh. "On-the-fly" syntax checking information may be incorrect. [C:\Users\C28Benjamin.Van_den\ECE_281\LAB03\src\thunderbird_fsm.vhd:]
WARNING: [filemgmt 56-199] Attempt to get parsing info during refresh. "On-the-fly" syntax checking information may be incorrect. [C:\Users\C28Benjamin.Van_den\ECE_281\LAB03\src\thunderbird_fsm_tb.vhd:]
WARNING: [filemgmt 56-199] Attempt to get parsing info during refresh. "On-the-fly" syntax checking information may be incorrect. [C:\Users\C28Benjamin.Van_den\ECE_281\LAB03\src\thunderbird_fsm_tb.vhd:]
WARNING: [filemgmt 56-199] Attempt to get parsing info during refresh. "On-the-fly" syntax checking information may be incorrect. [C:\Users\C28Benjamin.Van_den\ECE_281\LAB03\src\top_basys3.vhd:]
WARNING: [filemgmt 56-199] Attempt to get parsing info during refresh. "On-the-fly" syntax checking information may be incorrect. [C:\Users\C28Benjamin.Van_den\ECE_281\LAB03\src\thunderbird_fsm_tb.vhd:]
WARNING: [filemgmt 56-199] Attempt to get parsing info during refresh. "On-the-fly" syntax checking information may be incorrect. [C:\Users\C28Benjamin.Van_den\ECE_281\LAB03\src\thunderbird_fsm.vhd:]
WARNING: [filemgmt 56-199] Attempt to get parsing info during refresh. "On-the-fly" syntax checking information may be incorrect. [C:\Users\C28Benjamin.Van_den\ECE_281\LAB03\src\thunderbird_fsm.vhd:]
WARNING: [filemgmt 56-199] Attempt to get parsing info during refresh. "On-the-fly" syntax checking information may be incorrect. [C:\Users\C28Benjamin.Van_den\ECE_281\LAB03\src\thunderbird_fsm.vhd:]
ERROR: [Common 17-180] Spawn failed: No error
reset_run synth_1
INFO: [Project 1-1161] Replacing file C:/Users/C28Benjamin.Van_den/ECE_281/LAB03/thunderbird.srcs/utils_1/imports/synth_1/top_basys3.dcp with file C:/Users/C28Benjamin.Van_den/ECE_281/LAB03/thunderbird.runs/synth_1/top_basys3.dcp
WARNING: [filemgmt 56-199] Attempt to get parsing info during refresh. "On-the-fly" syntax checking information may be incorrect. [C:\Users\C28Benjamin.Van_den\ECE_281\LAB03\src\top_basys3.vhd:]
WARNING: [filemgmt 56-199] Attempt to get parsing info during refresh. "On-the-fly" syntax checking information may be incorrect. [C:\Users\C28Benjamin.Van_den\ECE_281\LAB03\src\thunderbird_fsm_tb.vhd:]
WARNING: [filemgmt 56-199] Attempt to get parsing info during refresh. "On-the-fly" syntax checking information may be incorrect. [C:\Users\C28Benjamin.Van_den\ECE_281\LAB03\src\thunderbird_fsm.vhd:]
WARNING: [filemgmt 56-199] Attempt to get parsing info during refresh. "On-the-fly" syntax checking information may be incorrect. [C:\Users\C28Benjamin.Van_den\ECE_281\LAB03\src\thunderbird_fsm_tb.vhd:]
WARNING: [filemgmt 56-199] Attempt to get parsing info during refresh. "On-the-fly" syntax checking information may be incorrect. [C:\Users\C28Benjamin.Van_den\ECE_281\LAB03\src\thunderbird_fsm_tb.vhd:]
launch_runs impl_1 -to_step write_bitstream -jobs 8
[Mon Mar 16 23:09:25 2026] Launched synth_1...
Run output will be captured here: C:/Users/C28Benjamin.Van_den/ECE_281/LAB03/thunderbird.runs/synth_1/runme.log
[Mon Mar 16 23:09:25 2026] Launched impl_1...
Run output will be captured here: C:/Users/C28Benjamin.Van_den/ECE_281/LAB03/thunderbird.runs/impl_1/runme.log
WARNING: [filemgmt 56-199] Attempt to get parsing info during refresh. "On-the-fly" syntax checking information may be incorrect. [C:\Users\C28Benjamin.Van_den\ECE_281\LAB03\src\top_basys3.vhd:]
WARNING: [filemgmt 56-199] Attempt to get parsing info during refresh. "On-the-fly" syntax checking information may be incorrect. [C:\Users\C28Benjamin.Van_den\ECE_281\LAB03\src\thunderbird_fsm_tb.vhd:]
WARNING: [filemgmt 56-199] Attempt to get parsing info during refresh. "On-the-fly" syntax checking information may be incorrect. [C:\Users\C28Benjamin.Van_den\ECE_281\LAB03\src\thunderbird_fsm.vhd:]
WARNING: [filemgmt 56-199] Attempt to get parsing info during refresh. "On-the-fly" syntax checking information may be incorrect. [C:\Users\C28Benjamin.Van_den\ECE_281\LAB03\src\thunderbird_fsm_tb.vhd:]
WARNING: [filemgmt 56-199] Attempt to get parsing info during refresh. "On-the-fly" syntax checking information may be incorrect. [C:\Users\C28Benjamin.Van_den\ECE_281\LAB03\src\thunderbird_fsm_tb.vhd:]
WARNING: [filemgmt 56-199] Attempt to get parsing info during refresh. "On-the-fly" syntax checking information may be incorrect. [C:\Users\C28Benjamin.Van_den\ECE_281\LAB03\src\top_basys3.vhd:]
WARNING: [filemgmt 56-199] Attempt to get parsing info during refresh. "On-the-fly" syntax checking information may be incorrect. [C:\Users\C28Benjamin.Van_den\ECE_281\LAB03\src\thunderbird_fsm_tb.vhd:]
WARNING: [filemgmt 56-199] Attempt to get parsing info during refresh. "On-the-fly" syntax checking information may be incorrect. [C:\Users\C28Benjamin.Van_den\ECE_281\LAB03\src\thunderbird_fsm.vhd:]
WARNING: [filemgmt 56-199] Attempt to get parsing info during refresh. "On-the-fly" syntax checking information may be incorrect. [C:\Users\C28Benjamin.Van_den\ECE_281\LAB03\src\top_basys3.vhd:]
WARNING: [filemgmt 56-199] Attempt to get parsing info during refresh. "On-the-fly" syntax checking information may be incorrect. [C:\Users\C28Benjamin.Van_den\ECE_281\LAB03\src\top_basys3.vhd:]
reset_run synth_1
launch_runs impl_1 -to_step write_bitstream -jobs 8
[Mon Mar 16 23:10:46 2026] Launched synth_1...
Run output will be captured here: C:/Users/C28Benjamin.Van_den/ECE_281/LAB03/thunderbird.runs/synth_1/runme.log
[Mon Mar 16 23:10:46 2026] Launched impl_1...
Run output will be captured here: C:/Users/C28Benjamin.Van_den/ECE_281/LAB03/thunderbird.runs/impl_1/runme.log
WARNING: [filemgmt 56-199] Attempt to get parsing info during refresh. "On-the-fly" syntax checking information may be incorrect. [C:\Users\C28Benjamin.Van_den\ECE_281\LAB03\src\top_basys3.vhd:]
WARNING: [filemgmt 56-199] Attempt to get parsing info during refresh. "On-the-fly" syntax checking information may be incorrect. [C:\Users\C28Benjamin.Van_den\ECE_281\LAB03\src\thunderbird_fsm_tb.vhd:]
WARNING: [filemgmt 56-199] Attempt to get parsing info during refresh. "On-the-fly" syntax checking information may be incorrect. [C:\Users\C28Benjamin.Van_den\ECE_281\LAB03\src\thunderbird_fsm.vhd:]
WARNING: [filemgmt 56-199] Attempt to get parsing info during refresh. "On-the-fly" syntax checking information may be incorrect. [C:\Users\C28Benjamin.Van_den\ECE_281\LAB03\src\top_basys3.vhd:]
WARNING: [filemgmt 56-199] Attempt to get parsing info during refresh. "On-the-fly" syntax checking information may be incorrect. [C:\Users\C28Benjamin.Van_den\ECE_281\LAB03\src\top_basys3.vhd:]
WARNING: [filemgmt 56-199] Attempt to get parsing info during refresh. "On-the-fly" syntax checking information may be incorrect. [C:\Users\C28Benjamin.Van_den\ECE_281\LAB03\src\top_basys3.vhd:]
WARNING: [filemgmt 56-199] Attempt to get parsing info during refresh. "On-the-fly" syntax checking information may be incorrect. [C:\Users\C28Benjamin.Van_den\ECE_281\LAB03\src\thunderbird_fsm_tb.vhd:]
WARNING: [filemgmt 56-199] Attempt to get parsing info during refresh. "On-the-fly" syntax checking information may be incorrect. [C:\Users\C28Benjamin.Van_den\ECE_281\LAB03\src\thunderbird_fsm.vhd:]
WARNING: [filemgmt 56-199] Attempt to get parsing info during refresh. "On-the-fly" syntax checking information may be incorrect. [C:\Users\C28Benjamin.Van_den\ECE_281\LAB03\src\thunderbird_fsm_tb.vhd:]
WARNING: [filemgmt 56-199] Attempt to get parsing info during refresh. "On-the-fly" syntax checking information may be incorrect. [C:\Users\C28Benjamin.Van_den\ECE_281\LAB03\src\thunderbird_fsm_tb.vhd:]
WARNING: [filemgmt 56-199] Attempt to get parsing info during refresh. "On-the-fly" syntax checking information may be incorrect. [C:\Users\C28Benjamin.Van_den\ECE_281\LAB03\src\top_basys3.vhd:]
WARNING: [filemgmt 56-199] Attempt to get parsing info during refresh. "On-the-fly" syntax checking information may be incorrect. [C:\Users\C28Benjamin.Van_den\ECE_281\LAB03\src\thunderbird_fsm_tb.vhd:]
WARNING: [filemgmt 56-199] Attempt to get parsing info during refresh. "On-the-fly" syntax checking information may be incorrect. [C:\Users\C28Benjamin.Van_den\ECE_281\LAB03\src\thunderbird_fsm.vhd:]
WARNING: [filemgmt 56-199] Attempt to get parsing info during refresh. "On-the-fly" syntax checking information may be incorrect. [C:\Users\C28Benjamin.Van_den\ECE_281\LAB03\src\thunderbird_fsm_tb.vhd:]
WARNING: [filemgmt 56-199] Attempt to get parsing info during refresh. "On-the-fly" syntax checking information may be incorrect. [C:\Users\C28Benjamin.Van_den\ECE_281\LAB03\src\thunderbird_fsm_tb.vhd:]
WARNING: [filemgmt 56-199] Attempt to get parsing info during refresh. "On-the-fly" syntax checking information may be incorrect. [C:\Users\C28Benjamin.Van_den\ECE_281\LAB03\src\top_basys3.vhd:]
WARNING: [filemgmt 56-199] Attempt to get parsing info during refresh. "On-the-fly" syntax checking information may be incorrect. [C:\Users\C28Benjamin.Van_den\ECE_281\LAB03\src\thunderbird_fsm_tb.vhd:]
WARNING: [filemgmt 56-199] Attempt to get parsing info during refresh. "On-the-fly" syntax checking information may be incorrect. [C:\Users\C28Benjamin.Van_den\ECE_281\LAB03\src\thunderbird_fsm.vhd:]
WARNING: [filemgmt 56-199] Attempt to get parsing info during refresh. "On-the-fly" syntax checking information may be incorrect. [C:\Users\C28Benjamin.Van_den\ECE_281\LAB03\src\top_basys3.vhd:]
WARNING: [filemgmt 56-199] Attempt to get parsing info during refresh. "On-the-fly" syntax checking information may be incorrect. [C:\Users\C28Benjamin.Van_den\ECE_281\LAB03\src\top_basys3.vhd:]
reset_run synth_1
launch_runs impl_1 -to_step write_bitstream -jobs 8
[Mon Mar 16 23:18:42 2026] Launched synth_1...
Run output will be captured here: C:/Users/C28Benjamin.Van_den/ECE_281/LAB03/thunderbird.runs/synth_1/runme.log
[Mon Mar 16 23:18:42 2026] Launched impl_1...
Run output will be captured here: C:/Users/C28Benjamin.Van_den/ECE_281/LAB03/thunderbird.runs/impl_1/runme.log
set_property PROBES.FILE {} [get_hw_devices xc7a35t_0]
set_property FULL_PROBES.FILE {} [get_hw_devices xc7a35t_0]
set_property PROGRAM.FILE {C:/Users/C28Benjamin.Van_den/ECE_281/LAB03/thunderbird.runs/impl_1/top_basys3.bit} [get_hw_devices xc7a35t_0]
program_hw_devices [get_hw_devices xc7a35t_0]
INFO: [Labtools 27-3164] End of startup status: HIGH
refresh_hw_device [lindex [get_hw_devices xc7a35t_0] 0]
INFO: [Labtools 27-1434] Device xc7a35t (JTAG device index = 0) is programmed with a design that has no supported debug core(s) in it.
WARNING: [filemgmt 56-199] Attempt to get parsing info during refresh. "On-the-fly" syntax checking information may be incorrect. [C:\Users\C28Benjamin.Van_den\ECE_281\LAB03\src\top_basys3.vhd:]
WARNING: [filemgmt 56-199] Attempt to get parsing info during refresh. "On-the-fly" syntax checking information may be incorrect. [C:\Users\C28Benjamin.Van_den\ECE_281\LAB03\src\thunderbird_fsm_tb.vhd:]
WARNING: [filemgmt 56-199] Attempt to get parsing info during refresh. "On-the-fly" syntax checking information may be incorrect. [C:\Users\C28Benjamin.Van_den\ECE_281\LAB03\src\thunderbird_fsm.vhd:]
WARNING: [filemgmt 56-199] Attempt to get parsing info during refresh. "On-the-fly" syntax checking information may be incorrect. [C:\Users\C28Benjamin.Van_den\ECE_281\LAB03\src\thunderbird_fsm_tb.vhd:]
WARNING: [filemgmt 56-199] Attempt to get parsing info during refresh. "On-the-fly" syntax checking information may be incorrect. [C:\Users\C28Benjamin.Van_den\ECE_281\LAB03\src\thunderbird_fsm_tb.vhd:]
WARNING: [filemgmt 56-199] Attempt to get parsing info during refresh. "On-the-fly" syntax checking information may be incorrect. [C:\Users\C28Benjamin.Van_den\ECE_281\LAB03\src\top_basys3.vhd:]
WARNING: [filemgmt 56-199] Attempt to get parsing info during refresh. "On-the-fly" syntax checking information may be incorrect. [C:\Users\C28Benjamin.Van_den\ECE_281\LAB03\src\thunderbird_fsm_tb.vhd:]
WARNING: [filemgmt 56-199] Attempt to get parsing info during refresh. "On-the-fly" syntax checking information may be incorrect. [C:\Users\C28Benjamin.Van_den\ECE_281\LAB03\src\thunderbird_fsm.vhd:]
WARNING: [filemgmt 56-199] Attempt to get parsing info during refresh. "On-the-fly" syntax checking information may be incorrect. [C:\Users\C28Benjamin.Van_den\ECE_281\LAB03\src\top_basys3.vhd:]
WARNING: [filemgmt 56-199] Attempt to get parsing info during refresh. "On-the-fly" syntax checking information may be incorrect. [C:\Users\C28Benjamin.Van_den\ECE_281\LAB03\src\top_basys3.vhd:]
reset_run synth_1
INFO: [Project 1-1161] Replacing file C:/Users/C28Benjamin.Van_den/ECE_281/LAB03/thunderbird.srcs/utils_1/imports/synth_1/top_basys3.dcp with file C:/Users/C28Benjamin.Van_den/ECE_281/LAB03/thunderbird.runs/synth_1/top_basys3.dcp
WARNING: [filemgmt 56-199] Attempt to get parsing info during refresh. "On-the-fly" syntax checking information may be incorrect. [C:\Users\C28Benjamin.Van_den\ECE_281\LAB03\src\top_basys3.vhd:]
WARNING: [filemgmt 56-199] Attempt to get parsing info during refresh. "On-the-fly" syntax checking information may be incorrect. [C:\Users\C28Benjamin.Van_den\ECE_281\LAB03\src\thunderbird_fsm_tb.vhd:]
WARNING: [filemgmt 56-199] Attempt to get parsing info during refresh. "On-the-fly" syntax checking information may be incorrect. [C:\Users\C28Benjamin.Van_den\ECE_281\LAB03\src\thunderbird_fsm.vhd:]
WARNING: [filemgmt 56-199] Attempt to get parsing info during refresh. "On-the-fly" syntax checking information may be incorrect. [C:\Users\C28Benjamin.Van_den\ECE_281\LAB03\src\thunderbird_fsm_tb.vhd:]
WARNING: [filemgmt 56-199] Attempt to get parsing info during refresh. "On-the-fly" syntax checking information may be incorrect. [C:\Users\C28Benjamin.Van_den\ECE_281\LAB03\src\thunderbird_fsm_tb.vhd:]
WARNING: [filemgmt 56-199] Attempt to get parsing info during refresh. "On-the-fly" syntax checking information may be incorrect. [C:\Users\C28Benjamin.Van_den\ECE_281\LAB03\src\top_basys3.vhd:]
WARNING: [filemgmt 56-199] Attempt to get parsing info during refresh. "On-the-fly" syntax checking information may be incorrect. [C:\Users\C28Benjamin.Van_den\ECE_281\LAB03\src\thunderbird_fsm_tb.vhd:]
WARNING: [filemgmt 56-199] Attempt to get parsing info during refresh. "On-the-fly" syntax checking information may be incorrect. [C:\Users\C28Benjamin.Van_den\ECE_281\LAB03\src\thunderbird_fsm.vhd:]
WARNING: [filemgmt 56-199] Attempt to get parsing info during refresh. "On-the-fly" syntax checking information may be incorrect. [C:\Users\C28Benjamin.Van_den\ECE_281\LAB03\src\top_basys3.vhd:]
WARNING: [filemgmt 56-199] Attempt to get parsing info during refresh. "On-the-fly" syntax checking information may be incorrect. [C:\Users\C28Benjamin.Van_den\ECE_281\LAB03\src\top_basys3.vhd:]
launch_runs impl_1 -to_step write_bitstream -jobs 8
[Mon Mar 16 23:27:39 2026] Launched synth_1...
Run output will be captured here: C:/Users/C28Benjamin.Van_den/ECE_281/LAB03/thunderbird.runs/synth_1/runme.log
[Mon Mar 16 23:27:39 2026] Launched impl_1...
Run output will be captured here: C:/Users/C28Benjamin.Van_den/ECE_281/LAB03/thunderbird.runs/impl_1/runme.log
set_property PROBES.FILE {} [get_hw_devices xc7a35t_0]
set_property FULL_PROBES.FILE {} [get_hw_devices xc7a35t_0]
set_property PROGRAM.FILE {C:/Users/C28Benjamin.Van_den/ECE_281/LAB03/thunderbird.runs/impl_1/top_basys3.bit} [get_hw_devices xc7a35t_0]
program_hw_devices [get_hw_devices xc7a35t_0]
INFO: [Labtools 27-3164] End of startup status: HIGH
refresh_hw_device [lindex [get_hw_devices xc7a35t_0] 0]
INFO: [Labtools 27-1434] Device xc7a35t (JTAG device index = 0) is programmed with a design that has no supported debug core(s) in it.
WARNING: [filemgmt 56-199] Attempt to get parsing info during refresh. "On-the-fly" syntax checking information may be incorrect. [C:\Users\C28Benjamin.Van_den\ECE_281\LAB03\src\top_basys3.vhd:]
WARNING: [filemgmt 56-199] Attempt to get parsing info during refresh. "On-the-fly" syntax checking information may be incorrect. [C:\Users\C28Benjamin.Van_den\ECE_281\LAB03\src\thunderbird_fsm_tb.vhd:]
WARNING: [filemgmt 56-199] Attempt to get parsing info during refresh. "On-the-fly" syntax checking information may be incorrect. [C:\Users\C28Benjamin.Van_den\ECE_281\LAB03\src\thunderbird_fsm.vhd:]
WARNING: [filemgmt 56-199] Attempt to get parsing info during refresh. "On-the-fly" syntax checking information may be incorrect. [C:\Users\C28Benjamin.Van_den\ECE_281\LAB03\src\top_basys3.vhd:]
WARNING: [filemgmt 56-199] Attempt to get parsing info during refresh. "On-the-fly" syntax checking information may be incorrect. [C:\Users\C28Benjamin.Van_den\ECE_281\LAB03\src\top_basys3.vhd:]
WARNING: [filemgmt 56-199] Attempt to get parsing info during refresh. "On-the-fly" syntax checking information may be incorrect. [C:\Users\C28Benjamin.Van_den\ECE_281\LAB03\src\top_basys3.vhd:]
WARNING: [filemgmt 56-199] Attempt to get parsing info during refresh. "On-the-fly" syntax checking information may be incorrect. [C:\Users\C28Benjamin.Van_den\ECE_281\LAB03\src\thunderbird_fsm_tb.vhd:]
WARNING: [filemgmt 56-199] Attempt to get parsing info during refresh. "On-the-fly" syntax checking information may be incorrect. [C:\Users\C28Benjamin.Van_den\ECE_281\LAB03\src\thunderbird_fsm.vhd:]
WARNING: [filemgmt 56-199] Attempt to get parsing info during refresh. "On-the-fly" syntax checking information may be incorrect. [C:\Users\C28Benjamin.Van_den\ECE_281\LAB03\src\thunderbird_fsm_tb.vhd:]
WARNING: [filemgmt 56-199] Attempt to get parsing info during refresh. "On-the-fly" syntax checking information may be incorrect. [C:\Users\C28Benjamin.Van_den\ECE_281\LAB03\src\thunderbird_fsm_tb.vhd:]
reset_run synth_1
INFO: [Project 1-1161] Replacing file C:/Users/C28Benjamin.Van_den/ECE_281/LAB03/thunderbird.srcs/utils_1/imports/synth_1/top_basys3.dcp with file C:/Users/C28Benjamin.Van_den/ECE_281/LAB03/thunderbird.runs/synth_1/top_basys3.dcp
WARNING: [filemgmt 56-199] Attempt to get parsing info during refresh. "On-the-fly" syntax checking information may be incorrect. [C:\Users\C28Benjamin.Van_den\ECE_281\LAB03\src\top_basys3.vhd:]
WARNING: [filemgmt 56-199] Attempt to get parsing info during refresh. "On-the-fly" syntax checking information may be incorrect. [C:\Users\C28Benjamin.Van_den\ECE_281\LAB03\src\thunderbird_fsm_tb.vhd:]
WARNING: [filemgmt 56-199] Attempt to get parsing info during refresh. "On-the-fly" syntax checking information may be incorrect. [C:\Users\C28Benjamin.Van_den\ECE_281\LAB03\src\thunderbird_fsm.vhd:]
WARNING: [filemgmt 56-199] Attempt to get parsing info during refresh. "On-the-fly" syntax checking information may be incorrect. [C:\Users\C28Benjamin.Van_den\ECE_281\LAB03\src\thunderbird_fsm_tb.vhd:]
WARNING: [filemgmt 56-199] Attempt to get parsing info during refresh. "On-the-fly" syntax checking information may be incorrect. [C:\Users\C28Benjamin.Van_den\ECE_281\LAB03\src\thunderbird_fsm_tb.vhd:]
WARNING: [filemgmt 56-199] Attempt to get parsing info during refresh. "On-the-fly" syntax checking information may be incorrect. [C:\Users\C28Benjamin.Van_den\ECE_281\LAB03\src\top_basys3.vhd:]
WARNING: [filemgmt 56-199] Attempt to get parsing info during refresh. "On-the-fly" syntax checking information may be incorrect. [C:\Users\C28Benjamin.Van_den\ECE_281\LAB03\src\thunderbird_fsm_tb.vhd:]
WARNING: [filemgmt 56-199] Attempt to get parsing info during refresh. "On-the-fly" syntax checking information may be incorrect. [C:\Users\C28Benjamin.Van_den\ECE_281\LAB03\src\thunderbird_fsm.vhd:]
WARNING: [filemgmt 56-199] Attempt to get parsing info during refresh. "On-the-fly" syntax checking information may be incorrect. [C:\Users\C28Benjamin.Van_den\ECE_281\LAB03\src\top_basys3.vhd:]
WARNING: [filemgmt 56-199] Attempt to get parsing info during refresh. "On-the-fly" syntax checking information may be incorrect. [C:\Users\C28Benjamin.Van_den\ECE_281\LAB03\src\top_basys3.vhd:]
launch_runs impl_1 -to_step write_bitstream -jobs 8
[Mon Mar 16 23:45:36 2026] Launched synth_1...
Run output will be captured here: C:/Users/C28Benjamin.Van_den/ECE_281/LAB03/thunderbird.runs/synth_1/runme.log
[Mon Mar 16 23:45:36 2026] Launched impl_1...
Run output will be captured here: C:/Users/C28Benjamin.Van_den/ECE_281/LAB03/thunderbird.runs/impl_1/runme.log
WARNING: [filemgmt 56-199] Attempt to get parsing info during refresh. "On-the-fly" syntax checking information may be incorrect. [C:\Users\C28Benjamin.Van_den\ECE_281\LAB03\src\top_basys3.vhd:]
WARNING: [filemgmt 56-199] Attempt to get parsing info during refresh. "On-the-fly" syntax checking information may be incorrect. [C:\Users\C28Benjamin.Van_den\ECE_281\LAB03\src\thunderbird_fsm_tb.vhd:]
WARNING: [filemgmt 56-199] Attempt to get parsing info during refresh. "On-the-fly" syntax checking information may be incorrect. [C:\Users\C28Benjamin.Van_den\ECE_281\LAB03\src\thunderbird_fsm.vhd:]
WARNING: [filemgmt 56-199] Attempt to get parsing info during refresh. "On-the-fly" syntax checking information may be incorrect. [C:\Users\C28Benjamin.Van_den\ECE_281\LAB03\src\top_basys3.vhd:]
WARNING: [filemgmt 56-199] Attempt to get parsing info during refresh. "On-the-fly" syntax checking information may be incorrect. [C:\Users\C28Benjamin.Van_den\ECE_281\LAB03\src\top_basys3.vhd:]
reset_run synth_1
launch_runs synth_1 -jobs 8
[Mon Mar 16 23:52:26 2026] Launched synth_1...
Run output will be captured here: C:/Users/C28Benjamin.Van_den/ECE_281/LAB03/thunderbird.runs/synth_1/runme.log
